2026-03-07 11:52:03 [info]: 	Environment variables validated successfully.
2026-03-07 11:52:20 [info]: 	Server running on http://localhost:5000
2026-03-07 11:52:21 [info]: 	MongoDB connected successfully
2026-03-07 11:57:12 [info]: 	Environment variables validated successfully.
2026-03-07 11:57:18 [info]: 	Server running on http://localhost:5000
2026-03-07 11:57:18 [info]: 	MongoDB connected successfully
2026-03-07 12:32:26 [info]: 	Environment variables validated successfully.
2026-03-07 12:33:15 [info]: 	Server running on http://localhost:5000
2026-03-07 12:33:16 [info]: 	MongoDB connected successfully
2026-03-07 12:33:34 [info]: 	Environment variables validated successfully.
2026-03-07 12:33:41 [info]: 	Server running on http://localhost:5000
2026-03-07 12:33:41 [info]: 	MongoDB connected successfully
2026-03-07 12:34:33 [info]: 	Environment variables validated successfully.
2026-03-07 12:34:38 [info]: 	Server running on http://localhost:5000
2026-03-07 12:34:39 [info]: 	MongoDB connected successfully
2026-03-07 12:35:30 [info]: 	Environment variables validated successfully.
2026-03-07 12:35:34 [info]: 	Server running on http://localhost:5000
2026-03-07 12:35:50 [info]: 	Environment variables validated successfully.
2026-03-07 12:35:57 [info]: 	Server running on http://localhost:5000
2026-03-07 12:35:57 [info]: 	MongoDB connected successfully
2026-03-07 12:36:09 [info]: 	Environment variables validated successfully.
2026-03-07 12:36:13 [info]: 	Server running on http://localhost:5000
2026-03-07 12:36:14 [info]: 	MongoDB connected successfully
2026-03-07 12:36:46 [info]: 	Environment variables validated successfully.
2026-03-07 12:36:50 [info]: 	Server running on http://localhost:5000
2026-03-07 12:36:51 [info]: 	MongoDB connected successfully
2026-03-07 12:37:08 [info]: 	Environment variables validated successfully.
2026-03-07 12:37:12 [info]: 	Server running on http://localhost:5000
2026-03-07 12:37:13 [info]: 	MongoDB connected successfully
2026-03-07 12:37:19 [info]: 	Environment variables validated successfully.
2026-03-07 12:37:24 [info]: 	Server running on http://localhost:5000
2026-03-07 12:37:24 [info]: 	MongoDB connected successfully
2026-03-07 12:37:57 [info]: 	Environment variables validated successfully.
2026-03-07 12:38:01 [info]: 	SocketService initialized
2026-03-07 12:38:02 [info]: 	Server running on http://localhost:5000
2026-03-07 12:38:14 [info]: 	Environment variables validated successfully.
2026-03-07 12:38:18 [info]: 	SocketService initialized
2026-03-07 12:38:18 [info]: 	Server running on http://localhost:5000
2026-03-07 12:38:19 [info]: 	MongoDB connected successfully
2026-03-07 12:38:28 [info]: 	Environment variables validated successfully.
2026-03-07 12:38:32 [info]: 	SocketService initialized
2026-03-07 12:38:32 [info]: 	Server running on http://localhost:5000
2026-03-07 12:38:32 [info]: 	MongoDB connected successfully
2026-03-07 13:11:36 [info]: 	User disconnected
2026-03-07 13:11:38 [info]: 	User disconnected
2026-03-07 13:12:37 [info]: 	User disconnected
2026-03-07 13:12:39 [info]: 	User 67825dd27bb3c1f5098ee106 joined notification room
2026-03-07 13:13:14 [info]: 	Certificate generated for: Joyel Varghese
2026-03-07 13:25:14 [info]: 	User disconnected
2026-03-07 13:25:29 [info]: 	User 67825dd27bb3c1f5098ee106 joined notification room
2026-03-07 13:26:19 [info]: 	Certificate generated for: Joyel Varghese
2026-03-07 13:26:20 [info]: 	User disconnected
2026-03-07 13:26:21 [info]: 	User 67825dd27bb3c1f5098ee106 joined notification room
2026-03-07 13:26:21 [info]: 	Certificate generated for: Joyel Varghese
2026-03-07 13:36:19 [info]: 	Certificate generated for: Joyel Varghese
2026-03-07 13:51:08 [info]: 	Environment variables validated successfully.
2026-03-07 13:52:49 [info]: 	SocketService initialized
2026-03-07 13:52:50 [info]: 	Server running on http://localhost:5000
2026-03-07 13:52:51 [info]: 	MongoDB connected successfully
2026-03-07 13:59:42 [info]: 	User 67825dd27bb3c1f5098ee106 joined notification room
2026-03-07 16:13:45 [info]: 	User disconnected
2026-03-07 16:13:46 [info]: 	User 67825dd27bb3c1f5098ee106 joined notification room
2026-03-07 16:14:08 [info]: 	User disconnected
2026-03-07 16:14:08 [info]: 	User 67825dd27bb3c1f5098ee106 joined notification room
2026-03-07 16:14:11 [info]: 	User disconnected
2026-03-07 16:14:11 [info]: 	User 67825dd27bb3c1f5098ee106 joined notification room
2026-03-07 16:16:49 [info]: 	User disconnected
2026-03-07 16:16:50 [info]: 	User 67825dd27bb3c1f5098ee106 joined notification room
2026-03-07 16:16:54 [info]: 	User disconnected
2026-03-07 16:16:54 [info]: 	User 67825dd27bb3c1f5098ee106 joined notification room
2026-03-07 16:16:57 [info]: 	User disconnected
2026-03-07 16:16:57 [info]: 	User 67825dd27bb3c1f5098ee106 joined notification room
2026-03-07 16:17:04 [info]: 	User disconnected
2026-03-07 16:17:04 [info]: 	User 67825dd27bb3c1f5098ee106 joined notification room
2026-03-07 16:17:16 [info]: 	User disconnected
2026-03-07 16:17:16 [info]: 	User 67825dd27bb3c1f5098ee106 joined notification room
2026-03-07 17:08:11 [info]: 	User disconnected
2026-03-07 17:08:14 [info]: 	User 67825dd27bb3c1f5098ee106 joined notification room
2026-03-07 17:08:23 [info]: 	User disconnected
2026-03-07 17:08:24 [info]: 	User 67825dd27bb3c1f5098ee106 joined notification room
2026-03-07 17:08:27 [info]: 	User disconnected
2026-03-07 17:08:27 [info]: 	User 67825dd27bb3c1f5098ee106 joined notification room
2026-03-07 17:08:39 [info]: 	User disconnected
2026-03-07 17:08:56 [info]: 	User 67825dd27bb3c1f5098ee106 joined notification room
2026-03-07 17:09:02 [info]: 	User disconnected
2026-03-07 17:09:02 [info]: 	User 67825dd27bb3c1f5098ee106 joined notification room
2026-03-07 21:00:53 [info]: 	Environment variables validated successfully.
2026-03-07 21:02:01 [info]: 	SocketService initialized
2026-03-07 21:02:01 [info]: 	Server running on http://localhost:5000
2026-03-07 21:02:01 [info]: 	User 67825dd27bb3c1f5098ee106 joined notification room
2026-03-07 21:02:07 [info]: 	MongoDB connected successfully
2026-03-07 21:02:14 [info]: 	User disconnected
2026-03-07 21:02:22 [info]: 	User 67825dd27bb3c1f5098ee106 joined notification room
2026-03-07 21:04:12 [info]: 	User disconnected
2026-03-07 21:04:26 [info]: 	User 67825dd27bb3c1f5098ee106 joined notification room
2026-03-07 21:05:21 [info]: 	User disconnected
2026-03-07 21:11:57 [info]: 	User 67825dd27bb3c1f5098ee106 joined notification room
2026-03-07 21:21:27 [info]: 	User disconnected
2026-03-07 21:24:17 [info]: 	User disconnected
2026-03-07 21:24:18 [info]: 	User 67825dd27bb3c1f5098ee106 joined notification room
2026-03-07 21:27:44 [info]: 	User disconnected
2026-03-07 21:27:47 [info]: 	User 67825dd27bb3c1f5098ee106 joined notification room
2026-03-07 21:28:17 [info]: 	User disconnected
2026-03-07 21:29:05 [info]: 	User 67338cd8f93142bd78ee1799 joined notification room
2026-03-07 22:35:15 [info]: 	User disconnected
2026-03-07 22:35:16 [info]: 	User 67338cd8f93142bd78ee1799 joined notification room
2026-03-07 22:35:29 [info]: 	User disconnected
2026-03-07 22:35:44 [info]: 	User 67338cd8f93142bd78ee1799 joined notification room
2026-03-07 22:36:50 [info]: 	User disconnected
2026-03-07 22:37:11 [error]: 	[ERROR] POST /api/instructor/login -> User not found
2026-03-07 22:41:44 [info]: 	User 6782253f7bb3c1f5098edfb7 joined notification room
2026-03-07 22:41:44 [info]: 	User disconnected
2026-03-07 22:51:48 [info]: 	User 6782253f7bb3c1f5098edfb7 joined notification room
2026-03-07 22:56:01 [info]: 	User disconnected
2026-03-07 22:56:08 [info]: 	User disconnected
2026-03-07 22:56:14 [info]: 	User disconnected
2026-03-07 22:56:26 [info]: 	User 6782253f7bb3c1f5098edfb7 joined notification room
2026-03-07 23:18:49 [info]: 	User disconnected
2026-03-07 23:18:50 [info]: 	User 6782253f7bb3c1f5098edfb7 joined notification room
2026-03-07 23:18:54 [info]: 	User disconnected
2026-03-07 23:18:54 [info]: 	User 6782253f7bb3c1f5098edfb7 joined notification room
2026-03-07 23:18:59 [info]: 	User disconnected
2026-03-07 23:19:30 [info]: 	User 6782253f7bb3c1f5098edfb7 joined notification room
2026-03-07 23:19:42 [info]: 	User disconnected
2026-03-07 23:20:05 [info]: 	User disconnected
2026-03-07 23:20:22 [info]: 	User disconnected
2026-03-07 23:20:50 [info]: 	User disconnected
2026-03-07 23:20:59 [info]: 	User disconnected
2026-03-07 23:20:59 [info]: 	User 6782253f7bb3c1f5098edfb7 joined notification room
2026-03-07 23:21:04 [info]: 	User disconnected
2026-03-07 23:21:23 [info]: 	User disconnected
2026-03-07 23:38:20 [info]: 	Environment variables validated successfully.
2026-03-07 23:38:57 [info]: 	SocketService initialized
2026-03-07 23:38:57 [info]: 	Server running on http://localhost:5000
2026-03-07 23:38:58 [info]: 	MongoDB connected successfully
2026-03-07 23:39:02 [info]: 	Socket connected: wb8meYLpBv09J5d4AAAB
2026-03-07 23:46:38 [info]: 	Environment variables validated successfully.
2026-03-07 23:47:30 [info]: 	SocketService initialized
2026-03-07 23:47:30 [info]: 	Server running on http://localhost:5000
2026-03-07 23:47:31 [info]: 	MongoDB connected successfully
2026-03-07 23:47:32 [info]: 	Socket connected: vMCbXPQxreJ33ZQpAAAB
2026-03-07 23:48:47 [info]: 	Socket connected: BdHSwqznD8KZ0Fa9AAAE
2026-03-07 23:51:26 [info]: 	Socket disconnected
2026-03-07 23:51:31 [info]: 	Socket connected: tD59qDVUFT-RZFEcAAAH
2026-03-07 23:51:46 [info]: 	Socket connected: ilsHS6BjX8HG9rRrAAAK
2026-03-07 23:54:59 [info]: 	Socket disconnected
2026-03-07 23:55:03 [info]: 	Socket disconnected
2026-03-07 23:55:03 [info]: 	Socket disconnected
2026-03-16 21:43:27 [info]: 	Environment variables validated successfully.
2026-03-16 21:44:31 [info]: 	SocketService initialized
2026-03-16 21:44:31 [info]: 	Server running on http://localhost:5000
2026-03-16 21:44:33 [info]: 	MongoDB connected successfully
2026-03-16 22:00:00 [info]: 	Socket connected: Xk8yR-rJZokTTobQAAAC
2026-03-16 22:00:16 [info]: 	Socket connected: t1CSa286KGPiHk2tAAAE
2026-03-16 22:00:48 [info]: 	Socket disconnected
2026-03-16 22:01:11 [error]: 	[ERROR] GET /api/user/top-tutors -> getaddrinfo ENOTFOUND cluster0-shard-00-02.9xjky.mongodb.net
2026-03-16 22:01:18 [error]: 	[ERROR] GET /api/user/courses/recent -> getaddrinfo ENOTFOUND cluster0-shard-00-02.9xjky.mongodb.net
2026-03-16 22:01:19 [error]: 	[ERROR] GET /api/user/categories -> getaddrinfo ENOTFOUND cluster0-shard-00-02.9xjky.mongodb.net
2026-03-16 22:01:19 [error]: 	[ERROR] GET /api/user/stats -> getaddrinfo ENOTFOUND cluster0-shard-00-02.9xjky.mongodb.net
2026-03-16 22:01:30 [error]: 	[ERROR] GET /api/user/courses -> getaddrinfo ENOTFOUND cluster0-shard-00-02.9xjky.mongodb.net
2026-03-16 22:01:50 [error]: 	[ERROR] GET /api/user/categories -> getaddrinfo ENOTFOUND cluster0-shard-00-02.9xjky.mongodb.net
2026-03-16 22:01:50 [error]: 	[ERROR] GET /api/user/courses -> getaddrinfo ENOTFOUND cluster0-shard-00-02.9xjky.mongodb.net
2026-03-16 22:01:50 [error]: 	[ERROR] GET /api/user/categories -> getaddrinfo ENOTFOUND cluster0-shard-00-02.9xjky.mongodb.net
2026-03-17 12:24:25 [info]: 	Environment variables validated successfully.
2026-03-17 12:24:58 [info]: 	SocketService initialized
2026-03-17 12:24:58 [info]: 	Server running on http://localhost:5000
2026-03-17 12:24:58 [info]: 	MongoDB connected successfully
2026-03-17 12:27:12 [info]: 	Socket connected: rVA6sSDgKCtzT_oAAAAC
2026-03-17 12:30:34 [info]: 	Socket disconnected
